Information: Updating design information... (UID-85)
 
****************************************
Report : timing
        -path full
        -delay min
        -max_paths 1
Design : KnightsTour
Version: S-2021.06
Date   : Fri Dec  3 23:58:35 2021
****************************************

Operating Conditions: tt0p85v25c   Library: saed32lvt_tt0p85v25c
Wire Load Model Mode: enclosed

  Startpoint: iNEMO/iSPI/bit_cntr_reg[3]
              (rising edge-triggered flip-flop clocked by clk)
  Endpoint: iNEMO/iSPI/bit_cntr_reg[3]
            (rising edge-triggered flip-flop clocked by clk)
  Path Group: clk
  Path Type: min

  Des/Clust/Port     Wire Load Model       Library
  ------------------------------------------------
  KnightsTour        16000                 saed32lvt_tt0p85v25c

  Point                                                   Incr       Path
  --------------------------------------------------------------------------
  clock clk (rise edge)                                   0.00       0.00
  clock network delay (ideal)                             0.00       0.00
  iNEMO/iSPI/bit_cntr_reg[3]/CLK (DFFX1_LVT)              0.00       0.00 r
  iNEMO/iSPI/bit_cntr_reg[3]/Q (DFFX1_LVT)                0.08       0.08 r
  U2615/Y (AO21X2_LVT)                                    0.06       0.13 r
  iNEMO/iSPI/bit_cntr_reg[3]/D (DFFX1_LVT)                0.01       0.14 r
  data arrival time                                                  0.14

  clock clk (rise edge)                                   0.00       0.00
  clock network delay (ideal)                             0.00       0.00
  clock uncertainty                                       0.15       0.15
  iNEMO/iSPI/bit_cntr_reg[3]/CLK (DFFX1_LVT)              0.00       0.15 r
  library hold time                                      -0.01       0.14
  data required time                                                 0.14
  --------------------------------------------------------------------------
  data required time                                                 0.14
  data arrival time                                                 -0.14
  --------------------------------------------------------------------------
  slack (MET)                                                        0.00


1
